0 verbose cli [ '/usr/bin/node', '/usr/bin/npm', 'start' ]
1 info using npm@8.3.1
2 info using node@v16.14.0
3 timing npm:load:whichnode Completed in 0ms
4 timing config:load:defaults Completed in 2ms
5 timing config:load:file:/usr/lib/node_modules/npm/npmrc Completed in 13ms
6 timing config:load:builtin Completed in 13ms
7 timing config:load:cli Completed in 2ms
8 timing config:load:env Completed in 0ms
9 timing config:load:project Completed in 5ms
10 timing config:load:file:/home/ec2-user/.npmrc Completed in 1ms
11 timing config:load:user Completed in 1ms
12 timing config:load:file:/usr/etc/npmrc Completed in 0ms
13 timing config:load:global Completed in 0ms
14 timing config:load:validate Completed in 0ms
15 timing config:load:credentials Completed in 2ms
16 timing config:load:setEnvs Completed in 1ms
17 timing config:load Completed in 27ms
18 timing npm:load:configload Completed in 27ms
19 timing npm:load:setTitle Completed in 0ms
20 timing config:load:flatten Completed in 4ms
21 timing npm:load:display Completed in 6ms
22 verbose logfile /home/ec2-user/.npm/_logs/2022-03-05T00_17_23_981Z-debug-0.log
23 timing npm:load:logFile Completed in 6ms
24 timing npm:load:timers Completed in 0ms
25 timing npm:load:configScope Completed in 0ms
26 timing npm:load Completed in 40ms
27 silly logfile start cleaning logs, removing 1 files
28 timing command:run-script Completed in 4ms
29 timing command:start Completed in 6ms
30 verbose stack Error: ENOENT: no such file or directory, open '/home/ec2-user/package.json'
31 verbose cwd /home/ec2-user
32 verbose Linux 4.14.262-200.489.amzn2.x86_64
33 verbose argv "/usr/bin/node" "/usr/bin/npm" "start"
34 verbose node v16.14.0
35 verbose npm  v8.3.1
36 error code ENOENT
37 error syscall open
38 error path /home/ec2-user/package.json
39 error errno -2
40 error enoent ENOENT: no such file or directory, open '/home/ec2-user/package.json'
41 error enoent This is related to npm not being able to find a file.
41 error enoent
42 verbose exit -2
43 timing npm Completed in 214ms
44 verbose code -2
45 error A complete log of this run can be found in:
45 error     /home/ec2-user/.npm/_logs/2022-03-05T00_17_23_981Z-debug-0.log
