0 verbose cli [ '/usr/bin/node', '/usr/bin/npm', 'install' ]
1 info using npm@8.3.1
2 info using node@v16.14.0
3 timing npm:load:whichnode Completed in 1ms
4 timing config:load:defaults Completed in 2ms
5 timing config:load:file:/usr/lib/node_modules/npm/npmrc Completed in 13ms
6 timing config:load:builtin Completed in 13ms
7 timing config:load:cli Completed in 2ms
8 timing config:load:env Completed in 1ms
9 timing config:load:file:/home/ec2-user/Affiliate-Template-Server/.npmrc Completed in 0ms
10 timing config:load:project Completed in 6ms
11 timing config:load:file:/home/ec2-user/.npmrc Completed in 0ms
12 timing config:load:user Completed in 0ms
13 timing config:load:file:/usr/etc/npmrc Completed in 0ms
14 timing config:load:global Completed in 0ms
15 timing config:load:validate Completed in 0ms
16 timing config:load:credentials Completed in 1ms
17 timing config:load:setEnvs Completed in 0ms
18 timing config:load Completed in 28ms
19 timing npm:load:configload Completed in 28ms
20 timing npm:load:setTitle Completed in 0ms
21 timing config:load:flatten Completed in 4ms
22 timing npm:load:display Completed in 6ms
23 verbose logfile /home/ec2-user/.npm/_logs/2022-03-03T23_18_47_552Z-debug-0.log
24 timing npm:load:logFile Completed in 6ms
25 timing npm:load:timers Completed in 0ms
26 timing npm:load:configScope Completed in 0ms
27 timing npm:load Completed in 41ms
28 timing arborist:ctor Completed in 1ms
29 silly logfile start cleaning logs, removing 1 files
30 timing idealTree:init Completed in 202ms
31 timing idealTree:userRequests Completed in 0ms
32 silly idealTree buildDeps
33 timing idealTree:#root Completed in 1ms
34 timing idealTree:buildDeps Completed in 2ms
35 timing idealTree:fixDepFlags Completed in 1ms
36 timing idealTree Completed in 209ms
37 timing arborist:ctor Completed in 1ms
38 timing reify:loadTrees Completed in 390ms
39 timing reify:diffTrees Completed in 12ms
40 silly reify moves {}
41 timing reify:retireShallow Completed in 0ms
42 timing reify:createSparse Completed in 0ms
43 timing reify:loadBundles Completed in 0ms
44 silly audit bulk request {
44 silly audit   '@mapbox/node-pre-gyp': [ '1.0.8' ],
44 silly audit   nopt: [ '5.0.0', '1.0.10' ],
44 silly audit   semver: [ '7.3.5', '6.3.0', '5.7.1' ],
44 silly audit   '@sindresorhus/is': [ '0.14.0' ],
44 silly audit   '@szmarczak/http-timer': [ '1.1.2' ],
44 silly audit   '@types/bcrypt': [ '5.0.0' ],
44 silly audit   '@types/body-parser': [ '1.19.2' ],
44 silly audit   '@types/connect': [ '3.4.35' ],
44 silly audit   '@types/cors': [ '2.8.12' ],
44 silly audit   '@types/express': [ '4.17.13' ],
44 silly audit   '@types/express-serve-static-core': [ '4.17.26' ],
44 silly audit   '@types/mime': [ '1.3.2' ],
44 silly audit   '@types/node': [ '16.11.9' ],
44 silly audit   '@types/qs': [ '6.9.7' ],
44 silly audit   '@types/range-parser': [ '1.2.4' ],
44 silly audit   '@types/serve-static': [ '1.13.10' ],
44 silly audit   abbrev: [ '1.1.1' ],
44 silly audit   accepts: [ '1.3.7' ],
44 silly audit   'agent-base': [ '6.0.2' ],
44 silly audit   debug: [ '4.3.3', '2.6.9', '3.2.7' ],
44 silly audit   ms: [ '2.1.2', '2.1.3', '2.0.0', '2.1.1' ],
44 silly audit   'ansi-align': [ '3.0.1' ],
44 silly audit   'ansi-regex': [ '5.0.1' ],
44 silly audit   'ansi-styles': [ '4.3.0' ],
44 silly audit   anymatch: [ '3.1.2' ],
44 silly audit   aproba: [ '2.0.0' ],
44 silly audit   'are-we-there-yet': [ '2.0.0' ],
44 silly audit   'array-flatten': [ '1.1.1' ],
44 silly audit   'balanced-match': [ '1.0.2' ],
44 silly audit   bcrypt: [ '5.0.1' ],
44 silly audit   'binary-extensions': [ '2.2.0' ],
44 silly audit   'body-parser': [ '1.19.0' ],
44 silly audit   boxen: [ '5.1.2' ],
44 silly audit   'brace-expansion': [ '1.1.11' ],
44 silly audit   braces: [ '3.0.2' ],
44 silly audit   'buffer-equal-constant-time': [ '1.0.1' ],
44 silly audit   bytes: [ '3.1.0' ],
44 silly audit   'cacheable-request': [ '6.1.0' ],
44 silly audit   'get-stream': [ '5.2.0', '4.1.0' ],
44 silly audit   'lowercase-keys': [ '2.0.0', '1.0.1' ],
44 silly audit   camelcase: [ '6.2.1' ],
44 silly audit   chalk: [ '4.1.2' ],
44 silly audit   'has-flag': [ '4.0.0', '3.0.0' ],
44 silly audit   'supports-color': [ '7.2.0', '5.5.0' ],
44 silly audit   chokidar: [ '3.5.2' ],
44 silly audit   chownr: [ '2.0.0' ],
44 silly audit   'ci-info': [ '2.0.0' ],
44 silly audit   'cli-boxes': [ '2.2.1' ],
44 silly audit   'clone-response': [ '1.0.2' ],
44 silly audit   'color-convert': [ '2.0.1' ],
44 silly audit   'color-name': [ '1.1.4' ],
44 silly audit   'color-support': [ '1.1.3' ],
44 silly audit   'concat-map': [ '0.0.1' ],
44 silly audit   config: [ '3.3.7' ],
44 silly audit   configstore: [ '5.0.1' ],
44 silly audit   'console-control-strings': [ '1.1.0' ],
44 silly audit   'content-disposition': [ '0.5.3' ],
44 silly audit   'content-type': [ '1.0.4' ],
44 silly audit   cookie: [ '0.4.0' ],
44 silly audit   'cookie-signature': [ '1.0.6' ],
44 silly audit   cors: [ '2.8.5' ],
44 silly audit   'crypto-random-string': [ '2.0.0' ],
44 silly audit   'decompress-response': [ '3.3.0' ],
44 silly audit   'deep-extend': [ '0.6.0' ],
44 silly audit   'defer-to-connect': [ '1.1.3' ],
44 silly audit   delegates: [ '1.0.0' ],
44 silly audit   depd: [ '1.1.2' ],
44 silly audit   destroy: [ '1.0.4' ],
44 silly audit   'detect-libc': [ '1.0.3' ],
44 silly audit   'dot-prop': [ '5.3.0' ],
44 silly audit   dotenv: [ '10.0.0' ],
44 silly audit   duplexer3: [ '0.1.4' ],
44 silly audit   'ecdsa-sig-formatter': [ '1.0.11' ],
44 silly audit   'ee-first': [ '1.1.1' ],
44 silly audit   'emoji-regex': [ '8.0.0' ],
44 silly audit   encodeurl: [ '1.0.2' ],
44 silly audit   'end-of-stream': [ '1.4.4' ],
44 silly audit   'escape-goat': [ '2.1.1' ],
44 silly audit   'escape-html': [ '1.0.3' ],
44 silly audit   etag: [ '1.8.1' ],
44 silly audit   express: [ '4.17.1' ],
44 silly audit   'fill-range': [ '7.0.1' ],
44 silly audit   finalhandler: [ '1.1.2' ],
44 silly audit   forwarded: [ '0.2.0' ],
44 silly audit   fresh: [ '0.5.2' ],
44 silly audit   'fs-minipass': [ '2.1.0' ],
44 silly audit   'fs.realpath': [ '1.0.0' ],
44 silly audit   fsevents: [ '2.3.2' ],
44 silly audit   gauge: [ '3.0.2' ],
44 silly audit   glob: [ '7.2.0' ],
44 silly audit   'glob-parent': [ '5.1.2' ],
44 silly audit   'global-dirs': [ '3.0.0' ],
44 silly audit   got: [ '9.6.0' ],
44 silly audit   'graceful-fs': [ '4.2.8' ],
44 silly audit   'has-unicode': [ '2.0.1' ],
44 silly audit   'has-yarn': [ '2.1.0' ],
44 silly audit   'http-cache-semantics': [ '4.1.0' ],
44 silly audit   'http-errors': [ '1.7.2' ],
44 silly audit   'https-proxy-agent': [ '5.0.0' ],
44 silly audit   'iconv-lite': [ '0.4.24' ],
44 silly audit   'ignore-by-default': [ '1.0.1' ],
44 silly audit   'import-lazy': [ '2.1.0' ],
44 silly audit   imurmurhash: [ '0.1.4' ],
44 silly audit   inflight: [ '1.0.6' ],
44 silly audit   inherits: [ '2.0.3' ],
44 silly audit   ini: [ '2.0.0', '1.3.8' ],
44 silly audit   'ipaddr.js': [ '1.9.1' ],
44 silly audit   'is-binary-path': [ '2.1.0' ],
44 silly audit   'is-ci': [ '2.0.0' ],
44 silly audit   'is-extglob': [ '2.1.1' ],
44 silly audit   'is-fullwidth-code-point': [ '3.0.0' ],
44 silly audit   'is-glob': [ '4.0.3' ],
44 silly audit   'is-installed-globally': [ '0.4.0' ],
44 silly audit   'is-npm': [ '5.0.0' ],
44 silly audit   'is-number': [ '7.0.0' ],
44 silly audit   'is-obj': [ '2.0.0' ],
44 silly audit   'is-path-inside': [ '3.0.3' ],
44 silly audit   'is-typedarray': [ '1.0.0' ],
44 silly audit   'is-yarn-global': [ '0.3.0' ],
44 silly audit   'json-buffer': [ '3.0.0' ],
44 silly audit   json5: [ '2.2.0' ],
44 silly audit   jsonwebtoken: [ '8.5.1' ],
44 silly audit   jwa: [ '1.4.1' ],
44 silly audit   jws: [ '3.2.2' ],
44 silly audit   keyv: [ '3.1.0' ],
44 silly audit   'latest-version': [ '5.1.0' ],
44 silly audit   'lodash.includes': [ '4.3.0' ],
44 silly audit   'lodash.isboolean': [ '3.0.3' ],
44 silly audit   'lodash.isinteger': [ '4.0.4' ],
44 silly audit   'lodash.isnumber': [ '3.0.3' ],
44 silly audit   'lodash.isplainobject': [ '4.0.6' ],
44 silly audit   'lodash.isstring': [ '4.0.1' ],
44 silly audit   'lodash.once': [ '4.1.1' ],
44 silly audit   'lru-cache': [ '6.0.0' ],
44 silly audit   'make-dir': [ '3.1.0' ],
44 silly audit   'media-typer': [ '0.3.0' ],
44 silly audit   'merge-descriptors': [ '1.0.1' ],
44 silly audit   methods: [ '1.1.2' ],
44 silly audit   mime: [ '1.6.0' ],
44 silly audit   'mime-db': [ '1.51.0' ],
44 silly audit   'mime-types': [ '2.1.34' ],
44 silly audit   'mimic-response': [ '1.0.1' ],
44 silly audit   minimatch: [ '3.0.4' ],
44 silly audit   minimist: [ '1.2.5' ],
44 silly audit   minipass: [ '3.1.6' ],
44 silly audit   minizlib: [ '2.1.2' ],
44 silly audit   mkdirp: [ '1.0.4' ],
44 silly audit   negotiator: [ '0.6.2' ],
44 silly audit   'node-addon-api': [ '3.2.1' ],
44 silly audit   'node-fetch': [ '2.6.7' ],
44 silly audit   tr46: [ '0.0.3' ],
44 silly audit   'webidl-conversions': [ '3.0.1' ],
44 silly audit   'whatwg-url': [ '5.0.0' ],
44 silly audit   nodemailer: [ '6.7.2' ],
44 silly audit   nodemon: [ '2.0.15' ],
44 silly audit   'normalize-path': [ '3.0.0' ],
44 silly audit   'normalize-url': [ '4.5.1' ],
44 silly audit   npmlog: [ '5.0.1' ],
44 silly audit   'object-assign': [ '4.1.1' ],
44 silly audit   'on-finished': [ '2.3.0' ],
44 silly audit   once: [ '1.4.0' ],
44 silly audit   'p-cancelable': [ '1.1.0' ],
44 silly audit   'package-json': [ '6.5.0' ],
44 silly audit   parseurl: [ '1.3.3' ],
44 silly audit   'path-is-absolute': [ '1.0.1' ],
44 silly audit   'path-to-regexp': [ '0.1.7' ],
44 silly audit   picomatch: [ '2.3.0' ],
44 silly audit   'prepend-http': [ '2.0.0' ],
44 silly audit   'proxy-addr': [ '2.0.7' ],
44 silly audit   'pstree.remy': [ '1.1.8' ],
44 silly audit   pump: [ '3.0.0' ],
44 silly audit   pupa: [ '2.1.1' ],
44 silly audit   qs: [ '6.7.0' ],
44 silly audit   'range-parser': [ '1.2.1' ],
44 silly audit   'raw-body': [ '2.4.0' ],
44 silly audit   rc: [ '1.2.8' ],
44 silly audit   'readable-stream': [ '3.6.0' ],
44 silly audit   readdirp: [ '3.6.0' ],
44 silly audit   'registry-auth-token': [ '4.2.1' ],
44 silly audit   'registry-url': [ '5.1.0' ],
44 silly audit   responselike: [ '1.0.2' ],
44 silly audit   rimraf: [ '3.0.2' ],
44 silly audit   'safe-buffer': [ '5.1.2', '5.2.1' ],
44 silly audit   'safer-buffer': [ '2.1.2' ],
44 silly audit   'semver-diff': [ '3.1.1' ],
44 silly audit   send: [ '0.17.1' ],
44 silly audit   'serve-static': [ '1.14.1' ],
44 silly audit   'set-blocking': [ '2.0.0' ],
44 silly audit   setprototypeof: [ '1.1.1' ],
44 silly audit   'signal-exit': [ '3.0.6' ],
44 silly audit   statuses: [ '1.5.0' ],
44 silly audit   string_decoder: [ '1.3.0' ],
44 silly audit   'string-width': [ '4.2.3' ],
44 silly audit   'strip-ansi': [ '6.0.1' ],
44 silly audit   'strip-json-comments': [ '2.0.1' ],
44 silly audit   tar: [ '6.1.11' ],
44 silly audit   'to-readable-stream': [ '1.0.0' ],
44 silly audit   'to-regex-range': [ '5.0.1' ],
44 silly audit   toidentifier: [ '1.0.0' ],
44 silly audit   touch: [ '3.1.0' ],
44 silly audit   'type-fest': [ '0.20.2' ],
44 silly audit   'type-is': [ '1.6.18' ],
44 silly audit   'typedarray-to-buffer': [ '3.1.5' ],
44 silly audit   typescript: [ '4.5.3' ],
44 silly audit   undefsafe: [ '2.0.5' ],
44 silly audit   'unique-string': [ '2.0.0' ],
44 silly audit   unpipe: [ '1.0.0' ],
44 silly audit   'update-notifier': [ '5.1.0' ],
44 silly audit   'url-parse-lax': [ '3.0.0' ],
44 silly audit   'util-deprecate': [ '1.0.2' ],
44 silly audit   'utils-merge': [ '1.0.1' ],
44 silly audit   vary: [ '1.1.2' ],
44 silly audit   'wide-align': [ '1.1.5' ],
44 silly audit   'widest-line': [ '3.1.0' ],
44 silly audit   'wrap-ansi': [ '7.0.0' ],
44 silly audit   wrappy: [ '1.0.2' ],
44 silly audit   'write-file-atomic': [ '3.0.3' ],
44 silly audit   'xdg-basedir': [ '4.0.0' ],
44 silly audit   yallist: [ '4.0.0' ]
44 silly audit }
45 timing reify:unpack Completed in 3ms
46 timing reify:unretire Completed in 0ms
47 timing build:queue Completed in 0ms
48 timing build:deps Completed in 1ms
49 timing build Completed in 1ms
50 timing reify:build Completed in 1ms
51 timing reify:trash Completed in 0ms
52 timing command:install Completed in 496ms
53 verbose stack Error: EACCES: permission denied, open '/home/ec2-user/Affiliate-Template-Server/package-lock.json'
54 verbose cwd /home/ec2-user/Affiliate-Template-Server
55 verbose Linux 4.14.262-200.489.amzn2.x86_64
56 verbose argv "/usr/bin/node" "/usr/bin/npm" "install"
57 verbose node v16.14.0
58 verbose npm  v8.3.1
59 error code EACCES
60 error syscall open
61 error path /home/ec2-user/Affiliate-Template-Server/package-lock.json
62 error errno -13
63 error [Error: EACCES: permission denied, open '/home/ec2-user/Affiliate-Template-Server/package-lock.json'] {
63 error   errno: -13,
63 error   code: 'EACCES',
63 error   syscall: 'open',
63 error   path: '/home/ec2-user/Affiliate-Template-Server/package-lock.json'
63 error }
64 error
64 error The operation was rejected by your operating system.
64 error It is likely you do not have the permissions to access this file as the current user
64 error
64 error If you believe this might be a permissions issue, please double-check the
64 error permissions of the file and its containing directories, or try running
64 error the command again as root/Administrator.
65 verbose exit -13
66 timing npm Completed in 779ms
67 verbose unfinished npm timer reify 1646349527829
68 verbose unfinished npm timer reify:audit 1646349528248
69 verbose unfinished npm timer auditReport:getReport 1646349528249
70 verbose unfinished npm timer reify:save 1646349528282
71 verbose code -13
72 error A complete log of this run can be found in:
72 error     /home/ec2-user/.npm/_logs/2022-03-03T23_18_47_552Z-debug-0.log
